<<<<<<< HEAD
timestamp: 2018-06-12T21:39:40.827818
=======
timestamp: 2018-06-12T21:28:03.489000
>>>>>>> 06a855f65ac73dcc44d5f006f269d9b47951266a
CREATE TABLE "web2py_session_therafone"(
    "id" INTEGER PRIMARY KEY AUTOINCREMENT,
    "locked" CHAR(1),
    "client_ip" CHAR(64),
    "created_datetime" TIMESTAMP,
    "modified_datetime" TIMESTAMP,
    "unique_key" CHAR(64),
    "session_data" BLOB
);
success!
<<<<<<< HEAD
timestamp: 2018-06-12T21:39:40.833492
=======
timestamp: 2018-06-12T21:28:03.784000
>>>>>>> 06a855f65ac73dcc44d5f006f269d9b47951266a
CREATE TABLE "auth_user"(
    "id" INTEGER PRIMARY KEY AUTOINCREMENT,
    "first_name" CHAR(128),
    "last_name" CHAR(128),
    "email" CHAR(512),
    "password" CHAR(512),
    "registration_key" CHAR(512),
    "reset_password_key" CHAR(512),
    "registration_id" CHAR(512)
);
success!
<<<<<<< HEAD
timestamp: 2018-06-12T21:39:40.837644
=======
timestamp: 2018-06-12T21:28:04.001000
>>>>>>> 06a855f65ac73dcc44d5f006f269d9b47951266a
CREATE TABLE "auth_group"(
    "id" INTEGER PRIMARY KEY AUTOINCREMENT,
    "role" CHAR(512),
    "description" TEXT
);
success!
<<<<<<< HEAD
timestamp: 2018-06-12T21:39:40.840931
=======
timestamp: 2018-06-12T21:28:04.253000
>>>>>>> 06a855f65ac73dcc44d5f006f269d9b47951266a
CREATE TABLE "auth_membership"(
    "id" INTEGER PRIMARY KEY AUTOINCREMENT,
    "user_id" INTEGER REFERENCES "auth_user" ("id") ON DELETE CASCADE  ,
    "group_id" INTEGER REFERENCES "auth_group" ("id") ON DELETE CASCADE  
);
success!
<<<<<<< HEAD
timestamp: 2018-06-12T21:39:40.844131
=======
timestamp: 2018-06-12T21:28:04.559000
>>>>>>> 06a855f65ac73dcc44d5f006f269d9b47951266a
CREATE TABLE "auth_permission"(
    "id" INTEGER PRIMARY KEY AUTOINCREMENT,
    "group_id" INTEGER REFERENCES "auth_group" ("id") ON DELETE CASCADE  ,
    "name" CHAR(512),
    "table_name" CHAR(512),
    "record_id" INTEGER
);
success!
<<<<<<< HEAD
timestamp: 2018-06-12T21:39:40.847854
=======
timestamp: 2018-06-12T21:28:05.044000
>>>>>>> 06a855f65ac73dcc44d5f006f269d9b47951266a
CREATE TABLE "auth_event"(
    "id" INTEGER PRIMARY KEY AUTOINCREMENT,
    "time_stamp" TIMESTAMP,
    "client_ip" CHAR(512),
    "user_id" INTEGER REFERENCES "auth_user" ("id") ON DELETE CASCADE  ,
    "origin" CHAR(512),
    "description" TEXT
);
success!
<<<<<<< HEAD
timestamp: 2018-06-12T21:39:40.851655
=======
timestamp: 2018-06-12T21:28:05.277000
>>>>>>> 06a855f65ac73dcc44d5f006f269d9b47951266a
CREATE TABLE "auth_cas"(
    "id" INTEGER PRIMARY KEY AUTOINCREMENT,
    "user_id" INTEGER REFERENCES "auth_user" ("id") ON DELETE CASCADE  ,
    "created_on" TIMESTAMP,
    "service" CHAR(512),
    "ticket" CHAR(512),
    "renew" CHAR(1)
);
success!
<<<<<<< HEAD
timestamp: 2018-06-12T21:39:40.856641
=======
timestamp: 2018-06-12T21:28:05.598000
>>>>>>> 06a855f65ac73dcc44d5f006f269d9b47951266a
CREATE TABLE "checklist"(
    "id" INTEGER PRIMARY KEY AUTOINCREMENT,
    "user_email" CHAR(512),
    "title" CHAR(512),
    "memo" TEXT,
    "updated_on" TIMESTAMP,
    "is_public" CHAR(1)
);
success!
<<<<<<< HEAD
timestamp: 2018-06-12T21:39:40.861070
=======
timestamp: 2018-06-12T21:28:05.782000
>>>>>>> 06a855f65ac73dcc44d5f006f269d9b47951266a
CREATE TABLE "track"(
    "id" INTEGER PRIMARY KEY AUTOINCREMENT,
    "tracklength" CHAR(512),
    "bpm" CHAR(512),
    "title" CHAR(512),
    "num_plays" INTEGER,
    "created_by" CHAR(512),
    "created_on" CHAR(512)
);
success!
<<<<<<< HEAD
timestamp: 2018-06-12T21:39:40.864893
=======
timestamp: 2018-06-12T21:28:06.095000
>>>>>>> 06a855f65ac73dcc44d5f006f269d9b47951266a
CREATE TABLE "track_data"(
    "id" INTEGER PRIMARY KEY AUTOINCREMENT,
    "track_id" INTEGER REFERENCES "track" ("id") ON DELETE CASCADE  ,
    "original_filename" CHAR(512),
    "data_blob" BLOB,
    "mime_type" CHAR(512)
);
success!
<<<<<<< HEAD
timestamp: 2018-06-12T21:39:40.868248
=======
timestamp: 2018-06-12T21:28:06.294000
>>>>>>> 06a855f65ac73dcc44d5f006f269d9b47951266a
CREATE TABLE "liked_track"(
    "id" INTEGER PRIMARY KEY AUTOINCREMENT,
    "liked_title" CHAR(512),
    "liked_by" CHAR(512)
);
success!
